running develop
running egg_info
creating sdf_pytorch.egg-info
writing sdf_pytorch.egg-info/PKG-INFO
writing dependency_links to sdf_pytorch.egg-info/dependency_links.txt
writing top-level names to sdf_pytorch.egg-info/top_level.txt
writing manifest file 'sdf_pytorch.egg-info/SOURCES.txt'
package init file 'sdf/csrc/__init__.py' not found (or not a regular file)
reading manifest file 'sdf_pytorch.egg-info/SOURCES.txt'
writing manifest file 'sdf_pytorch.egg-info/SOURCES.txt'
running build_ext
building 'sdf.csrc' extension
creating /new-pool/rongyu/work/inter_hand/other_methods/sdf/build
creating /new-pool/rongyu/work/inter_hand/other_methods/sdf/build/temp.linux-x86_64-3.7
creating /new-pool/rongyu/work/inter_hand/other_methods/sdf/build/temp.linux-x86_64-3.7/sdf
creating /new-pool/rongyu/work/inter_hand/other_methods/sdf/build/temp.linux-x86_64-3.7/sdf/csrc
Emitting ninja build file /new-pool/rongyu/work/inter_hand/other_methods/sdf/build/temp.linux-x86_64-3.7/build.ninja...
Compiling objects...
Allowing ninja to set a default number of workers... (overridable by setting the environment variable MAX_JOBS=N)
[1/2] /usr/local/cuda/bin/nvcc -I/mnt/SSD/rongyu/software/anaconda3/envs/inter_hand/lib/python3.7/site-packages/torch/include -I/mnt/SSD/rongyu/software/anaconda3/envs/inter_hand/lib/python3.7/site-packages/torch/include/torch/csrc/api/include -I/mnt/SSD/rongyu/software/anaconda3/envs/inter_hand/lib/python3.7/site-packages/torch/include/TH -I/mnt/SSD/rongyu/software/anaconda3/envs/inter_hand/lib/python3.7/site-packages/torch/include/THC -I/usr/local/cuda/include -I/mnt/SSD/rongyu/software/anaconda3/envs/inter_hand/include/python3.7m -c -c /new-pool/rongyu/work/inter_hand/other_methods/sdf/sdf/csrc/sdf_cuda_kernel.cu -o /new-pool/rongyu/work/inter_hand/other_methods/sdf/build/temp.linux-x86_64-3.7/sdf/csrc/sdf_cuda_kernel.o -D__CUDA_NO_HALF_OPERATORS__ -D__CUDA_NO_HALF_CONVERSIONS__ -D__CUDA_NO_HALF2_OPERATORS__ --expt-relaxed-constexpr --compiler-options ''"'"'-fPIC'"'"'' -DTORCH_API_INCLUDE_EXTENSION_H -DTORCH_EXTENSION_NAME=csrc -D_GLIBCXX_USE_CXX11_ABI=0 -gencode=arch=compute_75,code=sm_75 -std=c++14
/new-pool/rongyu/work/inter_hand/other_methods/sdf/sdf/csrc/sdf_cuda_kernel.cu: In lambda function:
/new-pool/rongyu/work/inter_hand/other_methods/sdf/sdf/csrc/sdf_cuda_kernel.cu:320:41: warning: ‘at::DeprecatedTypeProperties& at::Tensor::type() const’ is deprecated: Tensor.type() is deprecated. Instead use Tensor.options(), which in many cases (e.g. in a constructor) is a drop-in replacement. If you were using data from type(), that is now available from Tensor itself, so instead of tensor.type().scalar_type(), use tensor.scalar_type() instead and instead of tensor.type().backend() use tensor.device(). [-Wdeprecated-declarations]
     AT_DISPATCH_FLOATING_TYPES(phi.type(), "sdf_cuda", ([&] {
                                         ^
/mnt/SSD/rongyu/software/anaconda3/envs/inter_hand/lib/python3.7/site-packages/torch/include/ATen/core/TensorBody.h:268:1: note: declared here
   DeprecatedTypeProperties & type() const {
 ^ ~~
/new-pool/rongyu/work/inter_hand/other_methods/sdf/sdf/csrc/sdf_cuda_kernel.cu:320:96: warning: ‘c10::ScalarType detail::scalar_type(const at::DeprecatedTypeProperties&)’ is deprecated: passing at::DeprecatedTypeProperties to an AT_DISPATCH macro is deprecated, pass an at::ScalarType instead [-Wdeprecated-declarations]
     AT_DISPATCH_FLOATING_TYPES(phi.type(), "sdf_cuda", ([&] {
                                                                                                ^
/mnt/SSD/rongyu/software/anaconda3/envs/inter_hand/lib/python3.7/site-packages/torch/include/ATen/Dispatch.h:66:1: note: declared here
 inline at::ScalarType scalar_type(const at::DeprecatedTypeProperties& t) {
 ^~~~~~~~~~~
/new-pool/rongyu/work/inter_hand/other_methods/sdf/sdf/csrc/sdf_cuda_kernel.cu: In lambda function:
/new-pool/rongyu/work/inter_hand/other_methods/sdf/sdf/csrc/sdf_cuda_kernel.cu:320:290: warning: ‘T* at::Tensor::data() const [with T = double]’ is deprecated: Tensor.data<T>() is deprecated. Please use Tensor.data_ptr<T>() instead. [-Wdeprecated-declarations]
     AT_DISPATCH_FLOATING_TYPES(phi.type(), "sdf_cuda", ([&] {
                                                                                                                                                                                                                                                                                                  ^
/mnt/SSD/rongyu/software/anaconda3/envs/inter_hand/lib/python3.7/site-packages/torch/include/ATen/core/TensorBody.h:354:1: note: declared here
   T * data() const {
 ^ ~~
/new-pool/rongyu/work/inter_hand/other_methods/sdf/sdf/csrc/sdf_cuda_kernel.cu:320:320: warning: ‘T* at::Tensor::data() const [with T = int]’ is deprecated: Tensor.data<T>() is deprecated. Please use Tensor.data_ptr<T>() instead. [-Wdeprecated-declarations]
     AT_DISPATCH_FLOATING_TYPES(phi.type(), "sdf_cuda", ([&] {
                                                                                                                                                                                                                                                                                                                                ^
/mnt/SSD/rongyu/software/anaconda3/envs/inter_hand/lib/python3.7/site-packages/torch/include/ATen/core/TensorBody.h:354:1: note: declared here
   T * data() const {
 ^ ~~
/new-pool/rongyu/work/inter_hand/other_methods/sdf/sdf/csrc/sdf_cuda_kernel.cu:320:349: warning: ‘T* at::Tensor::data() const [with T = double]’ is deprecated: Tensor.data<T>() is deprecated. Please use Tensor.data_ptr<T>() instead. [-Wdeprecated-declarations]
     AT_DISPATCH_FLOATING_TYPES(phi.type(), "sdf_cuda", ([&] {
                                                                                                                                                                                                                                                                                                                                                             ^
/mnt/SSD/rongyu/software/anaconda3/envs/inter_hand/lib/python3.7/site-packages/torch/include/ATen/core/TensorBody.h:354:1: note: declared here
   T * data() const {
 ^ ~~
/new-pool/rongyu/work/inter_hand/other_methods/sdf/sdf/csrc/sdf_cuda_kernel.cu: In lambda function:
/new-pool/rongyu/work/inter_hand/other_methods/sdf/sdf/csrc/sdf_cuda_kernel.cu:320:582: warning: ‘T* at::Tensor::data() const [with T = float]’ is deprecated: Tensor.data<T>() is deprecated. Please use Tensor.data_ptr<T>() instead. [-Wdeprecated-declarations]
     AT_DISPATCH_FLOATING_TYPES(phi.type(), "sdf_cuda", ([&] {
                                                                                                                                                                                                                                                                                                                                                                                                                                                                                                                                                                                                      ^
/mnt/SSD/rongyu/software/anaconda3/envs/inter_hand/lib/python3.7/site-packages/torch/include/ATen/core/TensorBody.h:354:1: note: declared here
   T * data() const {
 ^ ~~
/new-pool/rongyu/work/inter_hand/other_methods/sdf/sdf/csrc/sdf_cuda_kernel.cu:320:612: warning: ‘T* at::Tensor::data() const [with T = int]’ is deprecated: Tensor.data<T>() is deprecated. Please use Tensor.data_ptr<T>() instead. [-Wdeprecated-declarations]
     AT_DISPATCH_FLOATING_TYPES(phi.type(), "sdf_cuda", ([&] {
                                                                                                                                                                                                                                                                                                                                                                                                                                                                                                                                                                                                                                    ^
/mnt/SSD/rongyu/software/anaconda3/envs/inter_hand/lib/python3.7/site-packages/torch/include/ATen/core/TensorBody.h:354:1: note: declared here
   T * data() const {
 ^ ~~
/new-pool/rongyu/work/inter_hand/other_methods/sdf/sdf/csrc/sdf_cuda_kernel.cu:320:640: warning: ‘T* at::Tensor::data() const [with T = float]’ is deprecated: Tensor.data<T>() is deprecated. Please use Tensor.data_ptr<T>() instead. [-Wdeprecated-declarations]
     AT_DISPATCH_FLOATING_TYPES(phi.type(), "sdf_cuda", ([&] {
                                                                                                                                                                                                                                                                                                                                                                                                                                                                                                                                                                                                                                                                ^
/mnt/SSD/rongyu/software/anaconda3/envs/inter_hand/lib/python3.7/site-packages/torch/include/ATen/core/TensorBody.h:354:1: note: declared here
   T * data() const {
 ^ ~~
[2/2] c++ -MMD -MF /new-pool/rongyu/work/inter_hand/other_methods/sdf/build/temp.linux-x86_64-3.7/sdf/csrc/sdf_cuda.o.d -pthread -B /mnt/SSD/rongyu/software/anaconda3/envs/inter_hand/compiler_compat -Wl,--sysroot=/ -Wsign-compare -DNDEBUG -g -fwrapv -O3 -Wall -Wstrict-prototypes -fPIC -I/mnt/SSD/rongyu/software/anaconda3/envs/inter_hand/lib/python3.7/site-packages/torch/include -I/mnt/SSD/rongyu/software/anaconda3/envs/inter_hand/lib/python3.7/site-packages/torch/include/torch/csrc/api/include -I/mnt/SSD/rongyu/software/anaconda3/envs/inter_hand/lib/python3.7/site-packages/torch/include/TH -I/mnt/SSD/rongyu/software/anaconda3/envs/inter_hand/lib/python3.7/site-packages/torch/include/THC -I/usr/local/cuda/include -I/mnt/SSD/rongyu/software/anaconda3/envs/inter_hand/include/python3.7m -c -c /new-pool/rongyu/work/inter_hand/other_methods/sdf/sdf/csrc/sdf_cuda.cpp -o /new-pool/rongyu/work/inter_hand/other_methods/sdf/build/temp.linux-x86_64-3.7/sdf/csrc/sdf_cuda.o -DTORCH_API_INCLUDE_EXTENSION_H -DTORCH_EXTENSION_NAME=csrc -D_GLIBCXX_USE_CXX11_ABI=0 -std=c++14
cc1plus: warning: command line option ‘-Wstrict-prototypes’ is valid for C/ObjC but not for C++
In file included from /mnt/SSD/rongyu/software/anaconda3/envs/inter_hand/lib/python3.7/site-packages/torch/include/ATen/Parallel.h:149:0,
                 from /mnt/SSD/rongyu/software/anaconda3/envs/inter_hand/lib/python3.7/site-packages/torch/include/torch/csrc/api/include/torch/utils.h:3,
                 from /mnt/SSD/rongyu/software/anaconda3/envs/inter_hand/lib/python3.7/site-packages/torch/include/torch/csrc/api/include/torch/nn/cloneable.h:5,
                 from /mnt/SSD/rongyu/software/anaconda3/envs/inter_hand/lib/python3.7/site-packages/torch/include/torch/csrc/api/include/torch/nn.h:3,
                 from /mnt/SSD/rongyu/software/anaconda3/envs/inter_hand/lib/python3.7/site-packages/torch/include/torch/csrc/api/include/torch/all.h:7,
                 from /mnt/SSD/rongyu/software/anaconda3/envs/inter_hand/lib/python3.7/site-packages/torch/include/torch/csrc/api/include/torch/torch.h:3,
                 from /new-pool/rongyu/work/inter_hand/other_methods/sdf/sdf/csrc/sdf_cuda.cpp:1:
/mnt/SSD/rongyu/software/anaconda3/envs/inter_hand/lib/python3.7/site-packages/torch/include/ATen/ParallelOpenMP.h:84:0: warning: ignoring #pragma omp parallel [-Wunknown-pragmas]
 #pragma omp parallel for if ((end - begin) >= grain_size)
 
In file included from /mnt/SSD/rongyu/software/anaconda3/envs/inter_hand/lib/python3.7/site-packages/torch/include/c10/core/DeviceType.h:8:0,
                 from /mnt/SSD/rongyu/software/anaconda3/envs/inter_hand/lib/python3.7/site-packages/torch/include/c10/core/Device.h:3,
                 from /mnt/SSD/rongyu/software/anaconda3/envs/inter_hand/lib/python3.7/site-packages/torch/include/c10/core/Allocator.h:6,
                 from /mnt/SSD/rongyu/software/anaconda3/envs/inter_hand/lib/python3.7/site-packages/torch/include/ATen/ATen.h:3,
                 from /mnt/SSD/rongyu/software/anaconda3/envs/inter_hand/lib/python3.7/site-packages/torch/include/torch/csrc/api/include/torch/types.h:3,
                 from /mnt/SSD/rongyu/software/anaconda3/envs/inter_hand/lib/python3.7/site-packages/torch/include/torch/csrc/api/include/torch/data/dataloader_options.h:4,
                 from /mnt/SSD/rongyu/software/anaconda3/envs/inter_hand/lib/python3.7/site-packages/torch/include/torch/csrc/api/include/torch/data/dataloader/base.h:3,
                 from /mnt/SSD/rongyu/software/anaconda3/envs/inter_hand/lib/python3.7/site-packages/torch/include/torch/csrc/api/include/torch/data/dataloader/stateful.h:3,
                 from /mnt/SSD/rongyu/software/anaconda3/envs/inter_hand/lib/python3.7/site-packages/torch/include/torch/csrc/api/include/torch/data/dataloader.h:3,
                 from /mnt/SSD/rongyu/software/anaconda3/envs/inter_hand/lib/python3.7/site-packages/torch/include/torch/csrc/api/include/torch/data.h:3,
                 from /mnt/SSD/rongyu/software/anaconda3/envs/inter_hand/lib/python3.7/site-packages/torch/include/torch/csrc/api/include/torch/all.h:4,
                 from /mnt/SSD/rongyu/software/anaconda3/envs/inter_hand/lib/python3.7/site-packages/torch/include/torch/csrc/api/include/torch/torch.h:3,
                 from /new-pool/rongyu/work/inter_hand/other_methods/sdf/sdf/csrc/sdf_cuda.cpp:1:
/new-pool/rongyu/work/inter_hand/other_methods/sdf/sdf/csrc/sdf_cuda.cpp: In function ‘at::Tensor sdf(at::Tensor, at::Tensor, at::Tensor)’:
/new-pool/rongyu/work/inter_hand/other_methods/sdf/sdf/csrc/sdf_cuda.cpp:3:42: warning: ‘at::DeprecatedTypeProperties& at::Tensor::type() const’ is deprecated: Tensor.type() is deprecated. Instead use Tensor.options(), which in many cases (e.g. in a constructor) is a drop-in replacement. If you were using data from type(), that is now available from Tensor itself, so instead of tensor.type().scalar_type(), use tensor.scalar_type() instead and instead of tensor.type().backend() use tensor.device(). [-Wdeprecated-declarations]
 #define CHECK_CUDA(x) TORCH_CHECK(x.type().is_cuda(), #x " must be a CUDA tensor")
                                          ^
/mnt/SSD/rongyu/software/anaconda3/envs/inter_hand/lib/python3.7/site-packages/torch/include/c10/macros/Macros.h:146:65: note: in definition of macro ‘C10_UNLIKELY’
 #define C10_UNLIKELY(expr)  (__builtin_expect(static_cast<bool>(expr), 0))
                                                                 ^~~~
/mnt/SSD/rongyu/software/anaconda3/envs/inter_hand/lib/python3.7/site-packages/torch/include/c10/util/Exception.h:330:7: note: in expansion of macro ‘C10_UNLIKELY_OR_CONST’
   if (C10_UNLIKELY_OR_CONST(!(cond))) {                               \
       ^~~~~~~~~~~~~~~~~~~~~
/mnt/SSD/rongyu/software/anaconda3/envs/inter_hand/lib/python3.7/site-packages/torch/include/c10/util/Exception.h:318:3: note: in expansion of macro ‘TORCH_CHECK_WITH_MSG’
   TORCH_CHECK_WITH_MSG(error_t, cond, "", __VA_ARGS__)
   ^~~~~~~~~~~~~~~~~~~~
/mnt/SSD/rongyu/software/anaconda3/envs/inter_hand/lib/python3.7/site-packages/torch/include/c10/util/Exception.h:341:32: note: in expansion of macro ‘TORCH_CHECK_WITH’
 #define TORCH_CHECK(cond, ...) TORCH_CHECK_WITH(Error, cond, __VA_ARGS__)
                                ^~~~~~~~~~~~~~~~
/new-pool/rongyu/work/inter_hand/other_methods/sdf/sdf/csrc/sdf_cuda.cpp:3:23: note: in expansion of macro ‘TORCH_CHECK’
 #define CHECK_CUDA(x) TORCH_CHECK(x.type().is_cuda(), #x " must be a CUDA tensor")
                       ^~~~~~~~~~~
/new-pool/rongyu/work/inter_hand/other_methods/sdf/sdf/csrc/sdf_cuda.cpp:5:24: note: in expansion of macro ‘CHECK_CUDA’
 #define CHECK_INPUT(x) CHECK_CUDA(x); CHECK_CONTIGUOUS(x)
                        ^~~~~~~~~~
/new-pool/rongyu/work/inter_hand/other_methods/sdf/sdf/csrc/sdf_cuda.cpp:19:2: note: in expansion of macro ‘CHECK_INPUT’
  CHECK_INPUT(phi);
  ^~~~~~~~~~~
In file included from /mnt/SSD/rongyu/software/anaconda3/envs/inter_hand/lib/python3.7/site-packages/torch/include/ATen/Tensor.h:3:0,
                 from /mnt/SSD/rongyu/software/anaconda3/envs/inter_hand/lib/python3.7/site-packages/torch/include/ATen/Context.h:4,
                 from /mnt/SSD/rongyu/software/anaconda3/envs/inter_hand/lib/python3.7/site-packages/torch/include/ATen/ATen.h:5,
                 from /mnt/SSD/rongyu/software/anaconda3/envs/inter_hand/lib/python3.7/site-packages/torch/include/torch/csrc/api/include/torch/types.h:3,
                 from /mnt/SSD/rongyu/software/anaconda3/envs/inter_hand/lib/python3.7/site-packages/torch/include/torch/csrc/api/include/torch/data/dataloader_options.h:4,
                 from /mnt/SSD/rongyu/software/anaconda3/envs/inter_hand/lib/python3.7/site-packages/torch/include/torch/csrc/api/include/torch/data/dataloader/base.h:3,
                 from /mnt/SSD/rongyu/software/anaconda3/envs/inter_hand/lib/python3.7/site-packages/torch/include/torch/csrc/api/include/torch/data/dataloader/stateful.h:3,
                 from /mnt/SSD/rongyu/software/anaconda3/envs/inter_hand/lib/python3.7/site-packages/torch/include/torch/csrc/api/include/torch/data/dataloader.h:3,
                 from /mnt/SSD/rongyu/software/anaconda3/envs/inter_hand/lib/python3.7/site-packages/torch/include/torch/csrc/api/include/torch/data.h:3,
                 from /mnt/SSD/rongyu/software/anaconda3/envs/inter_hand/lib/python3.7/site-packages/torch/include/torch/csrc/api/include/torch/all.h:4,
                 from /mnt/SSD/rongyu/software/anaconda3/envs/inter_hand/lib/python3.7/site-packages/torch/include/torch/csrc/api/include/torch/torch.h:3,
                 from /new-pool/rongyu/work/inter_hand/other_methods/sdf/sdf/csrc/sdf_cuda.cpp:1:
/mnt/SSD/rongyu/software/anaconda3/envs/inter_hand/lib/python3.7/site-packages/torch/include/ATen/core/TensorBody.h:268:30: note: declared here
   DeprecatedTypeProperties & type() const {
                              ^~~~
In file included from /mnt/SSD/rongyu/software/anaconda3/envs/inter_hand/lib/python3.7/site-packages/torch/include/c10/core/DeviceType.h:8:0,
                 from /mnt/SSD/rongyu/software/anaconda3/envs/inter_hand/lib/python3.7/site-packages/torch/include/c10/core/Device.h:3,
                 from /mnt/SSD/rongyu/software/anaconda3/envs/inter_hand/lib/python3.7/site-packages/torch/include/c10/core/Allocator.h:6,
                 from /mnt/SSD/rongyu/software/anaconda3/envs/inter_hand/lib/python3.7/site-packages/torch/include/ATen/ATen.h:3,
                 from /mnt/SSD/rongyu/software/anaconda3/envs/inter_hand/lib/python3.7/site-packages/torch/include/torch/csrc/api/include/torch/types.h:3,
                 from /mnt/SSD/rongyu/software/anaconda3/envs/inter_hand/lib/python3.7/site-packages/torch/include/torch/csrc/api/include/torch/data/dataloader_options.h:4,
                 from /mnt/SSD/rongyu/software/anaconda3/envs/inter_hand/lib/python3.7/site-packages/torch/include/torch/csrc/api/include/torch/data/dataloader/base.h:3,
                 from /mnt/SSD/rongyu/software/anaconda3/envs/inter_hand/lib/python3.7/site-packages/torch/include/torch/csrc/api/include/torch/data/dataloader/stateful.h:3,
                 from /mnt/SSD/rongyu/software/anaconda3/envs/inter_hand/lib/python3.7/site-packages/torch/include/torch/csrc/api/include/torch/data/dataloader.h:3,
                 from /mnt/SSD/rongyu/software/anaconda3/envs/inter_hand/lib/python3.7/site-packages/torch/include/torch/csrc/api/include/torch/data.h:3,
                 from /mnt/SSD/rongyu/software/anaconda3/envs/inter_hand/lib/python3.7/site-packages/torch/include/torch/csrc/api/include/torch/all.h:4,
                 from /mnt/SSD/rongyu/software/anaconda3/envs/inter_hand/lib/python3.7/site-packages/torch/include/torch/csrc/api/include/torch/torch.h:3,
                 from /new-pool/rongyu/work/inter_hand/other_methods/sdf/sdf/csrc/sdf_cuda.cpp:1:
/new-pool/rongyu/work/inter_hand/other_methods/sdf/sdf/csrc/sdf_cuda.cpp:3:42: warning: ‘at::DeprecatedTypeProperties& at::Tensor::type() const’ is deprecated: Tensor.type() is deprecated. Instead use Tensor.options(), which in many cases (e.g. in a constructor) is a drop-in replacement. If you were using data from type(), that is now available from Tensor itself, so instead of tensor.type().scalar_type(), use tensor.scalar_type() instead and instead of tensor.type().backend() use tensor.device(). [-Wdeprecated-declarations]
 #define CHECK_CUDA(x) TORCH_CHECK(x.type().is_cuda(), #x " must be a CUDA tensor")
                                          ^
/mnt/SSD/rongyu/software/anaconda3/envs/inter_hand/lib/python3.7/site-packages/torch/include/c10/macros/Macros.h:146:65: note: in definition of macro ‘C10_UNLIKELY’
 #define C10_UNLIKELY(expr)  (__builtin_expect(static_cast<bool>(expr), 0))
                                                                 ^~~~
/mnt/SSD/rongyu/software/anaconda3/envs/inter_hand/lib/python3.7/site-packages/torch/include/c10/util/Exception.h:330:7: note: in expansion of macro ‘C10_UNLIKELY_OR_CONST’
   if (C10_UNLIKELY_OR_CONST(!(cond))) {                               \
       ^~~~~~~~~~~~~~~~~~~~~
/mnt/SSD/rongyu/software/anaconda3/envs/inter_hand/lib/python3.7/site-packages/torch/include/c10/util/Exception.h:318:3: note: in expansion of macro ‘TORCH_CHECK_WITH_MSG’
   TORCH_CHECK_WITH_MSG(error_t, cond, "", __VA_ARGS__)
   ^~~~~~~~~~~~~~~~~~~~
/mnt/SSD/rongyu/software/anaconda3/envs/inter_hand/lib/python3.7/site-packages/torch/include/c10/util/Exception.h:341:32: note: in expansion of macro ‘TORCH_CHECK_WITH’
 #define TORCH_CHECK(cond, ...) TORCH_CHECK_WITH(Error, cond, __VA_ARGS__)
                                ^~~~~~~~~~~~~~~~
/new-pool/rongyu/work/inter_hand/other_methods/sdf/sdf/csrc/sdf_cuda.cpp:3:23: note: in expansion of macro ‘TORCH_CHECK’
 #define CHECK_CUDA(x) TORCH_CHECK(x.type().is_cuda(), #x " must be a CUDA tensor")
                       ^~~~~~~~~~~
/new-pool/rongyu/work/inter_hand/other_methods/sdf/sdf/csrc/sdf_cuda.cpp:5:24: note: in expansion of macro ‘CHECK_CUDA’
 #define CHECK_INPUT(x) CHECK_CUDA(x); CHECK_CONTIGUOUS(x)
                        ^~~~~~~~~~
/new-pool/rongyu/work/inter_hand/other_methods/sdf/sdf/csrc/sdf_cuda.cpp:20:2: note: in expansion of macro ‘CHECK_INPUT’
  CHECK_INPUT(faces);
  ^~~~~~~~~~~
In file included from /mnt/SSD/rongyu/software/anaconda3/envs/inter_hand/lib/python3.7/site-packages/torch/include/ATen/Tensor.h:3:0,
                 from /mnt/SSD/rongyu/software/anaconda3/envs/inter_hand/lib/python3.7/site-packages/torch/include/ATen/Context.h:4,
                 from /mnt/SSD/rongyu/software/anaconda3/envs/inter_hand/lib/python3.7/site-packages/torch/include/ATen/ATen.h:5,
                 from /mnt/SSD/rongyu/software/anaconda3/envs/inter_hand/lib/python3.7/site-packages/torch/include/torch/csrc/api/include/torch/types.h:3,
                 from /mnt/SSD/rongyu/software/anaconda3/envs/inter_hand/lib/python3.7/site-packages/torch/include/torch/csrc/api/include/torch/data/dataloader_options.h:4,
                 from /mnt/SSD/rongyu/software/anaconda3/envs/inter_hand/lib/python3.7/site-packages/torch/include/torch/csrc/api/include/torch/data/dataloader/base.h:3,
                 from /mnt/SSD/rongyu/software/anaconda3/envs/inter_hand/lib/python3.7/site-packages/torch/include/torch/csrc/api/include/torch/data/dataloader/stateful.h:3,
                 from /mnt/SSD/rongyu/software/anaconda3/envs/inter_hand/lib/python3.7/site-packages/torch/include/torch/csrc/api/include/torch/data/dataloader.h:3,
                 from /mnt/SSD/rongyu/software/anaconda3/envs/inter_hand/lib/python3.7/site-packages/torch/include/torch/csrc/api/include/torch/data.h:3,
                 from /mnt/SSD/rongyu/software/anaconda3/envs/inter_hand/lib/python3.7/site-packages/torch/include/torch/csrc/api/include/torch/all.h:4,
                 from /mnt/SSD/rongyu/software/anaconda3/envs/inter_hand/lib/python3.7/site-packages/torch/include/torch/csrc/api/include/torch/torch.h:3,
                 from /new-pool/rongyu/work/inter_hand/other_methods/sdf/sdf/csrc/sdf_cuda.cpp:1:
/mnt/SSD/rongyu/software/anaconda3/envs/inter_hand/lib/python3.7/site-packages/torch/include/ATen/core/TensorBody.h:268:30: note: declared here
   DeprecatedTypeProperties & type() const {
                              ^~~~
In file included from /mnt/SSD/rongyu/software/anaconda3/envs/inter_hand/lib/python3.7/site-packages/torch/include/c10/core/DeviceType.h:8:0,
                 from /mnt/SSD/rongyu/software/anaconda3/envs/inter_hand/lib/python3.7/site-packages/torch/include/c10/core/Device.h:3,
                 from /mnt/SSD/rongyu/software/anaconda3/envs/inter_hand/lib/python3.7/site-packages/torch/include/c10/core/Allocator.h:6,
                 from /mnt/SSD/rongyu/software/anaconda3/envs/inter_hand/lib/python3.7/site-packages/torch/include/ATen/ATen.h:3,
                 from /mnt/SSD/rongyu/software/anaconda3/envs/inter_hand/lib/python3.7/site-packages/torch/include/torch/csrc/api/include/torch/types.h:3,
                 from /mnt/SSD/rongyu/software/anaconda3/envs/inter_hand/lib/python3.7/site-packages/torch/include/torch/csrc/api/include/torch/data/dataloader_options.h:4,
                 from /mnt/SSD/rongyu/software/anaconda3/envs/inter_hand/lib/python3.7/site-packages/torch/include/torch/csrc/api/include/torch/data/dataloader/base.h:3,
                 from /mnt/SSD/rongyu/software/anaconda3/envs/inter_hand/lib/python3.7/site-packages/torch/include/torch/csrc/api/include/torch/data/dataloader/stateful.h:3,
                 from /mnt/SSD/rongyu/software/anaconda3/envs/inter_hand/lib/python3.7/site-packages/torch/include/torch/csrc/api/include/torch/data/dataloader.h:3,
                 from /mnt/SSD/rongyu/software/anaconda3/envs/inter_hand/lib/python3.7/site-packages/torch/include/torch/csrc/api/include/torch/data.h:3,
                 from /mnt/SSD/rongyu/software/anaconda3/envs/inter_hand/lib/python3.7/site-packages/torch/include/torch/csrc/api/include/torch/all.h:4,
                 from /mnt/SSD/rongyu/software/anaconda3/envs/inter_hand/lib/python3.7/site-packages/torch/include/torch/csrc/api/include/torch/torch.h:3,
                 from /new-pool/rongyu/work/inter_hand/other_methods/sdf/sdf/csrc/sdf_cuda.cpp:1:
/new-pool/rongyu/work/inter_hand/other_methods/sdf/sdf/csrc/sdf_cuda.cpp:3:42: warning: ‘at::DeprecatedTypeProperties& at::Tensor::type() const’ is deprecated: Tensor.type() is deprecated. Instead use Tensor.options(), which in many cases (e.g. in a constructor) is a drop-in replacement. If you were using data from type(), that is now available from Tensor itself, so instead of tensor.type().scalar_type(), use tensor.scalar_type() instead and instead of tensor.type().backend() use tensor.device(). [-Wdeprecated-declarations]
 #define CHECK_CUDA(x) TORCH_CHECK(x.type().is_cuda(), #x " must be a CUDA tensor")
                                          ^
/mnt/SSD/rongyu/software/anaconda3/envs/inter_hand/lib/python3.7/site-packages/torch/include/c10/macros/Macros.h:146:65: note: in definition of macro ‘C10_UNLIKELY’
 #define C10_UNLIKELY(expr)  (__builtin_expect(static_cast<bool>(expr), 0))
                                                                 ^~~~
/mnt/SSD/rongyu/software/anaconda3/envs/inter_hand/lib/python3.7/site-packages/torch/include/c10/util/Exception.h:330:7: note: in expansion of macro ‘C10_UNLIKELY_OR_CONST’
   if (C10_UNLIKELY_OR_CONST(!(cond))) {                               \
       ^~~~~~~~~~~~~~~~~~~~~
/mnt/SSD/rongyu/software/anaconda3/envs/inter_hand/lib/python3.7/site-packages/torch/include/c10/util/Exception.h:318:3: note: in expansion of macro ‘TORCH_CHECK_WITH_MSG’
   TORCH_CHECK_WITH_MSG(error_t, cond, "", __VA_ARGS__)
   ^~~~~~~~~~~~~~~~~~~~
/mnt/SSD/rongyu/software/anaconda3/envs/inter_hand/lib/python3.7/site-packages/torch/include/c10/util/Exception.h:341:32: note: in expansion of macro ‘TORCH_CHECK_WITH’
 #define TORCH_CHECK(cond, ...) TORCH_CHECK_WITH(Error, cond, __VA_ARGS__)
                                ^~~~~~~~~~~~~~~~
/new-pool/rongyu/work/inter_hand/other_methods/sdf/sdf/csrc/sdf_cuda.cpp:3:23: note: in expansion of macro ‘TORCH_CHECK’
 #define CHECK_CUDA(x) TORCH_CHECK(x.type().is_cuda(), #x " must be a CUDA tensor")
                       ^~~~~~~~~~~
/new-pool/rongyu/work/inter_hand/other_methods/sdf/sdf/csrc/sdf_cuda.cpp:5:24: note: in expansion of macro ‘CHECK_CUDA’
 #define CHECK_INPUT(x) CHECK_CUDA(x); CHECK_CONTIGUOUS(x)
                        ^~~~~~~~~~
/new-pool/rongyu/work/inter_hand/other_methods/sdf/sdf/csrc/sdf_cuda.cpp:21:2: note: in expansion of macro ‘CHECK_INPUT’
  CHECK_INPUT(vertices);
  ^~~~~~~~~~~
In file included from /mnt/SSD/rongyu/software/anaconda3/envs/inter_hand/lib/python3.7/site-packages/torch/include/ATen/Tensor.h:3:0,
                 from /mnt/SSD/rongyu/software/anaconda3/envs/inter_hand/lib/python3.7/site-packages/torch/include/ATen/Context.h:4,
                 from /mnt/SSD/rongyu/software/anaconda3/envs/inter_hand/lib/python3.7/site-packages/torch/include/ATen/ATen.h:5,
                 from /mnt/SSD/rongyu/software/anaconda3/envs/inter_hand/lib/python3.7/site-packages/torch/include/torch/csrc/api/include/torch/types.h:3,
                 from /mnt/SSD/rongyu/software/anaconda3/envs/inter_hand/lib/python3.7/site-packages/torch/include/torch/csrc/api/include/torch/data/dataloader_options.h:4,
                 from /mnt/SSD/rongyu/software/anaconda3/envs/inter_hand/lib/python3.7/site-packages/torch/include/torch/csrc/api/include/torch/data/dataloader/base.h:3,
                 from /mnt/SSD/rongyu/software/anaconda3/envs/inter_hand/lib/python3.7/site-packages/torch/include/torch/csrc/api/include/torch/data/dataloader/stateful.h:3,
                 from /mnt/SSD/rongyu/software/anaconda3/envs/inter_hand/lib/python3.7/site-packages/torch/include/torch/csrc/api/include/torch/data/dataloader.h:3,
                 from /mnt/SSD/rongyu/software/anaconda3/envs/inter_hand/lib/python3.7/site-packages/torch/include/torch/csrc/api/include/torch/data.h:3,
                 from /mnt/SSD/rongyu/software/anaconda3/envs/inter_hand/lib/python3.7/site-packages/torch/include/torch/csrc/api/include/torch/all.h:4,
                 from /mnt/SSD/rongyu/software/anaconda3/envs/inter_hand/lib/python3.7/site-packages/torch/include/torch/csrc/api/include/torch/torch.h:3,
                 from /new-pool/rongyu/work/inter_hand/other_methods/sdf/sdf/csrc/sdf_cuda.cpp:1:
/mnt/SSD/rongyu/software/anaconda3/envs/inter_hand/lib/python3.7/site-packages/torch/include/ATen/core/TensorBody.h:268:30: note: declared here
   DeprecatedTypeProperties & type() const {
                              ^~~~
creating build/lib.linux-x86_64-3.7
creating build/lib.linux-x86_64-3.7/sdf
g++ -pthread -shared -B /mnt/SSD/rongyu/software/anaconda3/envs/inter_hand/compiler_compat -L/mnt/SSD/rongyu/software/anaconda3/envs/inter_hand/lib -Wl,-rpath=/mnt/SSD/rongyu/software/anaconda3/envs/inter_hand/lib -Wl,--no-as-needed -Wl,--sysroot=/ /new-pool/rongyu/work/inter_hand/other_methods/sdf/build/temp.linux-x86_64-3.7/sdf/csrc/sdf_cuda.o /new-pool/rongyu/work/inter_hand/other_methods/sdf/build/temp.linux-x86_64-3.7/sdf/csrc/sdf_cuda_kernel.o -L/mnt/SSD/rongyu/software/anaconda3/envs/inter_hand/lib/python3.7/site-packages/torch/lib -L/usr/local/cuda/lib64 -lc10 -ltorch -ltorch_cpu -ltorch_python -lcudart -lc10_cuda -ltorch_cuda -o build/lib.linux-x86_64-3.7/sdf/csrc.cpython-37m-x86_64-linux-gnu.so
copying build/lib.linux-x86_64-3.7/sdf/csrc.cpython-37m-x86_64-linux-gnu.so -> sdf
Creating /new-pool/rongyu/software/anaconda3/envs/inter_hand/lib/python3.7/site-packages/sdf-pytorch.egg-link (link to .)
sdf-pytorch 0.0.1 is already the active version in easy-install.pth

Installed /new-pool/rongyu/work/inter_hand/other_methods/sdf
Processing dependencies for sdf-pytorch==0.0.1
Finished processing dependencies for sdf-pytorch==0.0.1
